209598
402969
4185
527237
505743
477298
470332
1015006
474774
559716
175572
605275
569127
606015
652953
203599
573031
144773
52307
573897
569128
332004
557554
23025
18203
54759
1306201
45729
302310
653447
80468
87817
6957
74495
321363
466508
328146
208972
40793
696270
737540
676690
307666
300889
283872
649475
573478
610788
625355
204910
117296
238793
204911
66372
204094
204096
48676
210271
210274
210290
471250
41814
208715
218707
144782
52306
302307
108297
1254980
574506
559054
119989
369807
507048
182856
162168
130223
515140
125482
332044
23635
285511
671744
210273
7920
235379
144774
92967
92968
92970
958940
295230
451495
429006
115482
25828
21718
390064
351229
431358
841321
567113
317966
148427
307995
348750
386350
105136
73131
605257
117297
115754
332113
148324
604862
5791
414876
412151
228326
81473
357845
43900
232086
77177
106275
580027
483621
90399
153831
246717
708283
138032
256753
752935
366640
355129
87036
3142181
622463
307282
44414
302301
2244063
256552
39996
605266
480238
400698
317557
429353
639833
285551
111535
115751
230320
285790
285552
167757
71516
104119
104115
2248596
597337
105035
479576
117145
230725
594328
384946
444120
256929
404016
373350
482474
650229
620883
1162536
647918
447246
499698
377953
650391
585228
606109
701754
705911
677866
298681
721262
226089
148578
856027
761413
567773
799845
668463
799130
825951
828573
247612
85423
228573
309949
309956
165046
109230
145978
301529
161867
153816
153822
614211
674019
675150
740157
156116
156080
47611
738061
235126
1015023
1020880
324004
652956
652958
573035
559056
652434
125753
419267
19686
228575
228592
228585
314451
228594
228603
228599
228606
228607
228611
228615
172019
228609
160536
1082099
81521
209304
209314
209315
209653
309922
309923
309928
309929
309930
309931
309940
309942
309943
309944
309945
309946
309947
309948
309951
309952
309953
309954
309955
309957
309959
309960
309961
309962
161705
6576
1082106
146609
301317
328777
34361
160178
182228
489813
180569
180566
180608
184187
606986
183913
183209
183155
183917
183206
214279
183919
183204
183205
183213
183215
434481
214763
183207
183922
183164
183927
259894
475679
397043
153782
503411
36530
318334
318333
143637
99781
56196
221990
474108
318335
28938
14100
121986
121568
108761
301754
23743
63519
63518
97556
210155
210151
210152
9851
90383
159371
3711
142420
188161
475521
96215
105090
604869
149461
149307
713258
78728
273342
275996
172247
677566
285964
15507
287292
287433
163966
152933
107265
93565
915064
266457
7549
177201
457391
92966
1622883
285550
268372
287048
287058
140690
173179
201791
183149
671749
67945
230314
309920
309938
201800
201806
233981
193496
100291
5789
217864
318338
183211
606983
82631
73591
19711
60409
33010
46926
974245
131740
52277
255348
77473
816690
842267
842268
60420
114002
518395
252978
285157
212971
617681
152993
152989
166765
21678
343038
123837
105348
33277
315032
227401
326702
88985
150263
48650
124467
140703
383497
256758
406394
122337
122336
152994
114001
550493
574508
43298
416448
247111
263745
247110
263739
928163
21805
220522
77496
63930
316974
39180
407719
368948
1291815
368944
368943
33245
51837
336625
477288
547008
361313
361317
368951
368957
368954
81465
305445
102560
92347
308968
159415
888135
324156
34960
34963
64148
60871
485686
264710
286587
92287
18496
107721
218976
83897
154875
437644
479594
145966
228256
51318
652952
202702
171622
140272
261615
146810
146814
53368
146847
140706
140091
574535
368931
368938
1152256
740952
161920
18661
297910
1667465
832733
135344
62681
380715
436784
383337
163513
152449
152445
152421
185536
172233
515516
660366
514620
556192
555329
425261
575473
48780
144802
289868
616000
585540
590629
620785
294629
888155
518379
208052
546671
652546
234026
551082
1378152
145808
674020
675627
675970
677585
362373
334691
690580
63649
659547
417241
178732
149508
642917
681070
728926
564615
756301
311611
522150
