154053
153375
153198
159980
159045
293222
297025
295100
295101
301953
302148
302149
223395
224844
230952
231225
235878
235648
235711
245184
245979
245730
244219
243295
243180
242563
243100
249760
249763
246711
246335
246336
246337
246338
252168
256265
255585
257656
257657
257658
257659
257660
257661
257662
257663
257664
257665
257666
257668
263437
264177
263009
262117
271235
272150
270280
278101
278108
283043
283622
288856
208370
209298
210875
217454
101001
101116
101117
101118
101119
101120
101121
102035
102389
102071
102072
102073
221082
221442
220877
104956
104913
104914
105477
105478
105571
105574
105953
106692
107460
107476
107492
107493
106198
106858
104253
103849
104408
104409
104410
104411
104295
104296
104297
104312
104314
104316
104704
104874
104092
103661
103662
103664
103291
102803
103321
103628
111343
110334
111354
111356
110352
110644
110976
110378
110450
112330
112109
112110
112111
112112
112113
112114
112115
112116
112117
112118
112119
112120
112121
112122
112123
112124
112125
112126
112127
112128
112129
112130
112131
112132
112133
112134
112135
112136
112137
112138
112139
112140
112141
112142
112143
112144
112145
112146
112147
112148
112339
111696
112365
112496
112069
112070
112071
112072
112073
112074
109922
110015
110016
108984
109584
110065
109594
109529
108434
107828
108571
107947
108602
108325
108891
108039
115472
115995
116070
115622
115298
115374
115175
116440
116441
117034
116701
116361
117122
116732
116733
116734
116735
117133
116940
116949
113797
114644
114957
114958
114475
115051
114158
113705
113707
113722
113727
113164
112858
112959
112960
113105
120849
119892
119893
119894
120131
120445
121085
121325
118933
118935
118936
119613
119231
118958
118959
119387
118471
118474
117811
117812
117813
117814
117815
117816
117817
117820
117821
117822
117824
117826
117827
118454
117386
117605
117607
117613
117682
124856
125148
125535
126384
124070
124071
124072
124073
123469
123880
123963
123535
129756
130049
130639
130366
130724
128409
128410
128411
128412
128413
128414
128415
126582
134723
135162
132919
132688
132495
133220
139630
139632
140659
140662
140663
140665
140779
140780
140781
140782
140683
140784
140785
140707
140708
140709
140710
140711
140712
140713
140714
138431
143984
142703
142223
141452
142058
148364
148365
148444
148336
149190
149192
149870
149720
149723
149728
149729
149734
149737
147275
147276
147287
147799
146551
145971
153029
153739
153671
152602
153165
154559
153811
154491
151957
150364
150625
151127
150329
158631
159217
159227
159643
157156
155189
155466
155468
163546
164724
162091
160944
167369
166145
166390
165816
171016
171529
171823
170288
170289
169423
169772
174707
174708
174709
176427
175991
174459
174591
173011
173013
179292
178030
177864
180915
180621
187773
185388
185988
185096
184379
188051
195724
195475
195476
195477
195478
195479
195480
195481
192628
202180
201254
204166
94194
91034
84062
82892
85804
81373
80966
80965
70221
70708
72822
64144
64143
64142
65744
66604
68106
58845
59116
54993
54991
55120
55119
55110
55108
55104
55103
55101
55099
54973
55098
55096
55093
55090
55089
55088
55087
55086
55085
55084
55083
55082
55081
55080
55079
55078
55077
55076
55075
54318
55073
55072
55070
55069
55068
55066
55065
55064
55063
55062
55061
55060
55059
55058
55057
55055
55054
55053
55052
55050
55049
55048
55047
55046
55045
55044
55043
55042
55041
55040
55039
55038
55037
55036
55035
55034
55033
55032
55031
54961
54960
55030
55029
54998
54995
56557
49581
49580
47693
50429
43968
44543
44533
42777
42776
42775
42774
42773
42772
42771
42770
42769
42768
46861
46540
47258
47047
39754
40711
40710
40709
40708
40707
40706
40705
41490
42036
41484
42034
41935
41543
35301
36102
36101
36782
36781
36780
36779

late-found IDs popentially presented in POSTS but not presented in JSON 
regrab it and you find an answer ;-)
