https://files.yande.re/image/f7526467b17c7d8e2bef0cb547554844/yande.re%20233997%20animal_ears%20christmas%20fatke%20jpeg_artifacts%20kitsune%20tail%20thighhighs%20wallpaper.jpg
https://files.yande.re/image/5a996ab73d92a3f810112c64551a04df/yande.re%20249695%20breast_grab%20cleavage%20erect_nipples%20kami_koppu%20tail%20tentacles.jpg
https://files.yande.re/image/4d4e403a4be0de6a5fb9965ce4b7b25e/yande.re%20255937%20aikawa_chiharu%20ashita_no_yukinojou%20elf_%28company%29%20kubo_shouko%20mizushima_akira%20nanase_aoi%20ouse_yumiko%20saegusa_maki.png
https://files.yande.re/image/ada21a5061dbcf730a16e2859132234a/yande.re%20256015%20hontani_kanae%20mihama_hitsuji%20nanase_ayumu%20natsu_yume_nagisa_~nostalgie~%20seifuku.png
https://files.yande.re/image/6aca41f393abf9aff5e8abf488ffd52c/yande.re%20256026%20ashita_no_yukinojou%20elf_%28company%29%20nanase_aoi%20ouse_yumiko%20pantsu%20seifuku.png
https://files.yande.re/image/e6e31d663bf6fa3015a182c24488c0b8/yande.re%20269873%20a-ya%20erect_nipples%20jpeg_artifacts%20nun%20stockings%20thighhighs.jpg
https://files.yande.re/image/26a5a21f312dc42b8f207d88c87dc792/yande.re%20299038%20akagi_%28kancolle%29%20cleavage%20fairy_%28kancolle%29%20kaga_%28kancolle%29%20kantai_collection%20pantsu%20panty_pull%20thighhighs%20yuuma_%28skirthike%29%20zuikaku_%28kancolle%29.png
https://files.yande.re/image/a067fef039215562d6e9742a0dc8c959/yande.re%20302312%20chinadress%20hakua_ugetsu%20ki_%28druaga%29%20thighhighs%20tower_of_druaga%20weapon.png
https://files.yande.re/image/8f4f53dec835541969f1881ad1862bf7/yande.re%20417788%20bra%20cleavage%20hmax%20kanzaki_ranko%20lingerie%20open_shirt%20pantyhose%20the_idolm%40ster%20the_idolm%40ster_cinderella_girls.jpg
https://files.yande.re/image/43378af5c291e90e460cc899d6b58578/yande.re%20453275%20dress%20rin_%28shelter%29%20shelter%20summer_dress.jpg
https://files.yande.re/image/530977ea7944a5f9858a9c5946e1bb91/yande.re%20550280%20akinashi_yuu%20jinrui_no_minasama_e%20sweater.jpg
https://files.yande.re/image/d7d592622244ccbb51510c845533e163/yande.re%20682415%20aika_%28series%29%20aika_zero%20ass%20bodysuit%20cameltoe%20crossover%20erect_nipples%20heels%20igawa_asagi%20john_doe%20pantsu%20skirt_lift%20sumeragi_aika%20uniform%20wet.png
https://files.yande.re/image/38e9a24f698bd1048055ad8483d6ed70/yande.re%20690993%20bodysuit%20gun%20limgae%20metroid%20samus_aran.jpg
https://files.yande.re/image/31e7d95b4456b67c003315ea593ba002/yande.re%20690994%20bodysuit%20breasts%20gun%20limgae%20metroid%20nipples%20no_bra%20samus_aran%20torn_clothes.jpg
https://files.yande.re/image/c4549a3443e865e9947751f9d38fa777/yande.re%20690996%20bikini%20breast_hold%20cameltoe%20erect_nipples%20girls_frontline%20limgae%20qbz-95_%28girls_frontline%29%20swimsuits%20thighhighs.jpg
https://files.yande.re/image/095b6359580248b9e27f998e73ccec90/yande.re%20691001%20armor%20bodysuit%20limgae%20mercy_%28overwatch%29%20overwatch%20wings.jpg
https://files.yande.re/image/767eb54c56a9997485055d97e2fa1b6e/yande.re%20691689%20ass%20cameltoe%20limgae%20nier_automata%20swimsuits%20wet%20yorha_no.2_type_b.jpg
https://files.yande.re/image/5de318eb423791055cea7d3013ef4023/yande.re%20691690%20animal_ears%20ass%20bunny_ears%20cameltoe%20final_fantasy%20final_fantasy_xii%20fran%20limgae%20school_swimsuit%20swimsuits%20thighhighs.jpg
https://files.yande.re/image/8c98d88390cf3fe01290f1ad2756670e/yande.re%20691708%20cameltoe%20japanese_clothes%20king_of_fighters%20limgae%20no_bra%20pantsu%20shiranui_mai%20thong.jpg
https://files.yande.re/image/8d78053f2b8d7ab481645231f8a3ccc0/yande.re%20691716%20ass%20cameltoe%20dead_or_alive%20fundoshi%20japanese_clothes%20kasumi%20limgae%20thighhighs.jpg
https://files.yande.re/image/01fb1fcc1325877432beba2829c75eb9/yande.re%20691744%20christmas%20cleavage%20horns%20leotard%20limgae%20nier_automata%20no_bra%20thighhighs%20yorha_no.2_type_b%20yorha_type_a_no._2.jpg
